mode: set
auth-service/main.go:14.13,17.16 2 0
auth-service/main.go:17.16,19.3 1 0
auth-service/main.go:22.2,27.16 4 0
auth-service/main.go:27.16,29.3 1 0
auth-service/main.go:30.2,31.50 2 0
auth-service/db/postgres.go:15.16,26.16 4 0
auth-service/db/postgres.go:26.16,28.3 1 0
auth-service/db/postgres.go:30.2,31.16 2 0
auth-service/db/postgres.go:31.16,33.3 1 0
auth-service/db/postgres.go:35.2,35.38 1 0
auth-service/utils/jwt.go:18.53,30.2 4 1
auth-service/utils/jwt.go:32.60,34.98 2 1
auth-service/utils/jwt.go:34.98,36.3 1 1
auth-service/utils/jwt.go:38.2,38.16 1 1
auth-service/utils/jwt.go:38.16,40.3 1 0
auth-service/utils/jwt.go:43.2,43.18 1 1
auth-service/utils/jwt.go:43.18,45.3 1 0
auth-service/utils/jwt.go:48.2,48.68 1 1
auth-service/utils/jwt.go:48.68,50.3 1 0
auth-service/utils/jwt.go:52.2,52.27 1 1
auth-service/utils/jwt.go:55.30,57.20 2 1
auth-service/utils/jwt.go:57.20,59.3 1 1
auth-service/utils/jwt.go:60.2,60.11 1 0
auth-service/handlers/auth-handler.go:16.62,19.16 3 1
auth-service/handlers/auth-handler.go:19.16,22.3 2 0
auth-service/handlers/auth-handler.go:25.2,25.48 1 1
auth-service/handlers/auth-handler.go:25.48,28.3 2 0
auth-service/handlers/auth-handler.go:31.2,32.16 2 1
auth-service/handlers/auth-handler.go:32.16,36.3 3 0
auth-service/handlers/auth-handler.go:39.2,40.16 2 1
auth-service/handlers/auth-handler.go:40.16,44.3 3 0
auth-service/handlers/auth-handler.go:46.2,47.89 2 1
auth-service/handlers/auth-handler.go:50.59,53.16 3 1
auth-service/handlers/auth-handler.go:53.16,56.3 2 0
auth-service/handlers/auth-handler.go:59.2,59.48 1 1
auth-service/handlers/auth-handler.go:59.48,62.3 2 0
auth-service/handlers/auth-handler.go:65.2,67.16 3 1
auth-service/handlers/auth-handler.go:67.16,68.27 1 0
auth-service/handlers/auth-handler.go:68.27,70.4 1 0
auth-service/handlers/auth-handler.go:70.9,73.4 2 0
auth-service/handlers/auth-handler.go:74.3,74.9 1 0
auth-service/handlers/auth-handler.go:78.2,78.101 1 1
auth-service/handlers/auth-handler.go:78.101,81.3 2 0
auth-service/handlers/auth-handler.go:84.2,85.16 2 1
auth-service/handlers/auth-handler.go:85.16,89.3 3 0
auth-service/handlers/auth-handler.go:92.2,93.62 2 1
auth-service/handlers/auth-handler.go:95.66,97.17 2 1
auth-service/handlers/auth-handler.go:97.17,103.3 2 0
auth-service/handlers/auth-handler.go:106.2,106.46 1 1
auth-service/handlers/auth-handler.go:106.46,108.3 1 1
auth-service/handlers/auth-handler.go:110.2,111.16 2 1
auth-service/handlers/auth-handler.go:111.16,112.16 1 0
auth-service/handlers/auth-handler.go:112.16,118.4 2 0
auth-service/handlers/auth-handler.go:119.3,123.9 2 0
auth-service/handlers/auth-handler.go:127.2,131.4 1 1
auth-service/handlers/auth-handler.go:134.60,137.2 2 1
auth-service/routes/auth-route.go:10.32,17.2 6 1
